2020/04/07 11:30:19 log.go:14: Read Config……
2020/04/07 11:30:19 mysql.go:20: mysql 初始化成功......
2020/04/07 11:30:19 redis.go:27: redis初始化成功 PONG
2020/04/07 11:31:56 log.go:14: Read Config……
2020/04/07 11:31:56 mysql.go:20: mysql 初始化成功......
2020/04/07 11:31:56 redis.go:27: redis初始化成功 PONG
2020/04/07 11:32:49 log.go:14: Read Config……
2020/04/07 11:32:49 mysql.go:20: mysql 初始化成功......
2020/04/07 11:32:49 redis.go:27: redis初始化成功 PONG
2020/04/07 11:34:18 log.go:14: Read Config……
2020/04/07 11:34:18 mysql.go:20: mysql 初始化成功......
2020/04/07 11:34:18 redis.go:27: redis初始化成功 PONG
2020/04/07 15:24:40 log.go:14: Read Config……
2020/04/07 15:24:40 mysql.go:20: mysql 初始化成功......
2020/04/07 15:24:40 redis.go:27: redis初始化成功 PONG
2020/04/07 15:36:41 log.go:14: Read Config……
2020/04/07 15:36:41 mysql.go:20: mysql 初始化成功......
2020/04/07 15:36:41 redis.go:27: redis初始化成功 PONG
2020/04/07 15:44:15 log.go:14: Read Config……
2020/04/07 15:44:15 mysql.go:20: mysql 初始化成功......
2020/04/07 15:44:15 redis.go:27: redis初始化成功 PONG
2020/04/07 15:46:49 log.go:14: Read Config……
2020/04/07 15:46:49 mysql.go:20: mysql 初始化成功......
2020/04/07 15:46:49 redis.go:27: redis初始化成功 PONG
2020/04/07 15:48:03 log.go:14: Read Config……
2020/04/07 15:48:03 mysql.go:20: mysql 初始化成功......
2020/04/07 15:48:03 redis.go:27: redis初始化成功 PONG
2020/04/07 15:48:16 log.go:14: Read Config……
2020/04/07 15:48:16 mysql.go:20: mysql 初始化成功......
2020/04/07 15:48:16 redis.go:27: redis初始化成功 PONG
2020/04/07 15:48:28 log.go:14: Read Config……
2020/04/07 15:48:28 mysql.go:20: mysql 初始化成功......
2020/04/07 15:48:28 redis.go:27: redis初始化成功 PONG
2020/04/07 16:35:36 log.go:14: Read Config……
2020/04/07 16:35:36 mysql.go:20: mysql 初始化成功......
2020/04/07 16:35:36 redis.go:27: redis初始化成功 PONG
2020/04/07 16:37:20 log.go:14: Read Config……
2020/04/07 16:37:20 mysql.go:20: mysql 初始化成功......
2020/04/07 16:37:20 redis.go:27: redis初始化成功 PONG
2020/04/07 16:59:59 log.go:14: Read Config……
2020/04/07 16:59:59 mysql.go:20: mysql 初始化成功......
2020/04/07 16:59:59 redis.go:27: redis初始化成功 PONG
2020/04/07 16:59:59 server.go:18: Recover error : %v open grpc.sai: no such file or directory
2020/04/07 17:01:23 log.go:14: Read Config……
2020/04/07 17:01:23 mysql.go:20: mysql 初始化成功......
2020/04/07 17:01:23 redis.go:27: redis初始化成功 PONG
2020/04/07 17:01:23 server.go:18: Recover error : %v open grpc.sai: no such file or directory
2020/04/07 17:08:29 log.go:14: Read Config……
2020/04/07 17:08:29 mysql.go:20: mysql 初始化成功......
2020/04/07 17:08:29 redis.go:27: redis初始化成功 PONG
2020/04/07 17:10:52 log.go:14: Read Config……
2020/04/07 17:10:52 mysql.go:20: mysql 初始化成功......
2020/04/07 17:10:52 redis.go:27: redis初始化成功 PONG
2020/04/07 17:15:00 log.go:14: Read Config……
2020/04/07 17:15:00 mysql.go:20: mysql 初始化成功......
2020/04/07 17:15:00 redis.go:27: redis初始化成功 PONG
2020/04/07 17:22:22 log.go:14: Read Config……
2020/04/07 17:22:22 mysql.go:20: mysql 初始化成功......
2020/04/07 17:22:22 redis.go:27: redis初始化成功 PONG
2020/04/07 17:25:40 log.go:14: Read Config……
2020/04/07 17:25:40 mysql.go:20: mysql 初始化成功......
2020/04/07 17:25:40 redis.go:27: redis初始化成功 PONG
2020/04/07 17:28:07 log.go:14: Read Config……
2020/04/07 17:28:07 mysql.go:20: mysql 初始化成功......
2020/04/07 17:28:07 redis.go:27: redis初始化成功 PONG
2020/04/07 17:29:46 log.go:14: Read Config……
2020/04/07 17:29:46 mysql.go:20: mysql 初始化成功......
2020/04/07 17:29:46 redis.go:27: redis初始化成功 PONG
2020/04/07 17:34:25 log.go:14: Read Config……
2020/04/07 17:34:25 mysql.go:20: mysql 初始化成功......
2020/04/07 17:34:25 redis.go:27: redis初始化成功 PONG
2020/04/07 17:34:25 server.go:19: Recover error : %v open : no such file or directory
2020/04/07 17:35:15 log.go:14: Read Config……
2020/04/07 17:35:15 mysql.go:20: mysql 初始化成功......
2020/04/07 17:35:15 redis.go:27: redis初始化成功 PONG
2020/04/07 17:36:57 log.go:14: Read Config……
2020/04/07 17:36:57 mysql.go:20: mysql 初始化成功......
2020/04/07 17:36:57 redis.go:27: redis初始化成功 PONG
2020/04/07 17:37:47 log.go:14: Read Config……
2020/04/07 17:37:47 mysql.go:20: mysql 初始化成功......
2020/04/07 17:37:47 redis.go:27: redis初始化成功 PONG
2020/04/07 17:37:47 server.go:19: Recover error : %v open : no such file or directory
2020/04/07 17:38:16 log.go:14: Read Config……
2020/04/07 17:38:16 mysql.go:20: mysql 初始化成功......
2020/04/07 17:38:16 redis.go:27: redis初始化成功 PONG
2020/04/07 17:38:46 log.go:14: Read Config……
2020/04/07 17:38:46 mysql.go:20: mysql 初始化成功......
2020/04/07 17:38:46 redis.go:27: redis初始化成功 PONG
2020/04/07 17:39:52 log.go:14: Read Config……
2020/04/07 17:39:52 mysql.go:20: mysql 初始化成功......
2020/04/07 17:39:52 redis.go:27: redis初始化成功 PONG
2020/04/07 17:41:10 log.go:14: Read Config……
2020/04/07 17:41:10 mysql.go:20: mysql 初始化成功......
2020/04/07 17:41:10 redis.go:27: redis初始化成功 PONG
2020/04/07 17:42:51 log.go:14: Read Config……
2020/04/07 17:42:51 mysql.go:20: mysql 初始化成功......
2020/04/07 17:42:51 redis.go:27: redis初始化成功 PONG
2020/04/07 17:48:32 log.go:14: Read Config……
2020/04/07 17:48:32 mysql.go:20: mysql 初始化成功......
2020/04/07 17:48:32 redis.go:27: redis初始化成功 PONG
2020/04/07 17:51:22 log.go:14: Read Config……
2020/04/07 17:51:22 mysql.go:20: mysql 初始化成功......
2020/04/07 17:51:22 redis.go:27: redis初始化成功 PONG
2020/04/07 17:52:03 log.go:14: Read Config……
2020/04/07 17:52:03 mysql.go:20: mysql 初始化成功......
2020/04/07 17:52:03 redis.go:27: redis初始化成功 PONG
2020/04/07 18:06:51 log.go:14: Read Config……
2020/04/07 18:06:51 mysql.go:20: mysql 初始化成功......
2020/04/07 18:06:51 redis.go:27: redis初始化成功 PONG
2020/04/07 18:07:36 log.go:14: Read Config……
2020/04/07 18:07:36 mysql.go:20: mysql 初始化成功......
2020/04/07 18:07:36 redis.go:27: redis初始化成功 PONG
2020/04/07 18:15:44 log.go:14: Read Config……
2020/04/07 18:15:44 mysql.go:20: mysql 初始化成功......
2020/04/07 18:15:44 redis.go:27: redis初始化成功 PONG
2020/04/07 18:17:46 log.go:14: Read Config……
2020/04/07 18:17:46 mysql.go:20: mysql 初始化成功......
2020/04/07 18:17:46 redis.go:27: redis初始化成功 PONG
2020/04/07 18:22:03 log.go:14: Read Config……
2020/04/07 18:22:03 mysql.go:20: mysql 初始化成功......
2020/04/07 18:22:03 redis.go:27: redis初始化成功 PONG
